\BOOKMARK [1][-]{section.1}{Data understanding}{}% 1
\BOOKMARK [2][-]{subsection.1.1}{Semantica dei dati}{section.1}% 2
\BOOKMARK [2][-]{subsection.1.2}{Distribuzione degli attributi e statistiche}{section.1}% 3
\BOOKMARK [2][-]{subsection.1.3}{Valutazione della qualit\340 dei dati}{section.1}% 4
\BOOKMARK [2][-]{subsection.1.4}{Trasformazione degli attributi}{section.1}% 5
\BOOKMARK [2][-]{subsection.1.5}{Correlazione tra attributi ed eventuali variabili ridondanti}{section.1}% 6
\BOOKMARK [1][-]{section.2}{Analisi dei cluster}{}% 7
\BOOKMARK [2][-]{subsection.2.1}{Clustering via K-means}{section.2}% 8
\BOOKMARK [3][-]{subsubsection.2.1.1}{Scelta degli attributi e della funzione distanza}{subsection.2.1}% 9
\BOOKMARK [3][-]{subsubsection.2.1.2}{Identificazione del miglior valore di k}{subsection.2.1}% 10
\BOOKMARK [3][-]{subsubsection.2.1.3}{Caratterizzazione dei clusters ottenuti}{subsection.2.1}% 11
\BOOKMARK [2][-]{subsection.2.2}{Clustering via DBSCAN}{section.2}% 12
\BOOKMARK [3][-]{subsubsection.2.2.1}{Studio dei parametri minPoints ed epsilon}{subsection.2.2}% 13
\BOOKMARK [3][-]{subsubsection.2.2.2}{Caratterizzazione ed interpretazione dei clusters}{subsection.2.2}% 14
\BOOKMARK [2][-]{subsection.2.3}{Clustering Gerarchico}{section.2}% 15
\BOOKMARK [2][-]{subsection.2.4}{Valutazione del miglior metodo di clustering}{section.2}% 16
\BOOKMARK [1][-]{section.3}{Pattern e Association Rules mining}{}% 17
\BOOKMARK [2][-]{subsection.3.1}{Operazioni preliminari}{section.3}% 18
\BOOKMARK [2][-]{subsection.3.2}{Estrazione degli itemset frequenti}{section.3}% 19
\BOOKMARK [3][-]{subsubsection.3.2.1}{Itemset massimali}{subsection.3.2}% 20
\BOOKMARK [3][-]{subsubsection.3.2.2}{Itemset chiusi}{subsection.3.2}% 21
\BOOKMARK [3][-]{subsubsection.3.2.3}{Itemset frequenti}{subsection.3.2}% 22
\BOOKMARK [2][-]{subsection.3.3}{Estrazione delle regole di associazione}{section.3}% 23
\BOOKMARK [3][-]{subsubsection.3.3.1}{Predizione dei valori mancanti}{subsection.3.3}% 24
\BOOKMARK [3][-]{subsubsection.3.3.2}{Predizione dell'attributo 'left'}{subsection.3.3}% 25
\BOOKMARK [1][-]{section.4}{Classificazione}{}% 26
\BOOKMARK [2][-]{subsection.4.1}{Classificazione tramite alberi di decisione}{section.4}% 27
\BOOKMARK [2][-]{subsection.4.2}{Validazione dei modelli}{section.4}% 28
\BOOKMARK [2][-]{subsection.4.3}{Identificazione del miglior modello}{section.4}% 29
