This is pdfTeX, Version 3.14159265-2.6-1.40.18 (MiKTeX 2.9.6350 64-bit) (preloaded format=pdflatex 2017.8.28)  24 DEC 2017 16:35
entering extended mode
**./Relazione_Unita.tex
(Relazione_Unita.tex
LaTeX2e <2017-04-15>
Babel <3.10> and hyphenation patterns for 75 language(s) loaded.

("C:\Users\LeonardoCariaggi\AppData\Local\Programs\MiKTeX 2.9\tex\latex\base\ar
ticle.cls"
Document Class: article 2014/09/29 v1.4h Standard LaTeX document class

("C:\Users\LeonardoCariaggi\AppData\Local\Programs\MiKTeX 2.9\tex\latex\base\si
ze10.clo"
File: size10.clo 2014/09/29 v1.4h Standard LaTeX file (size option)
)
\c@part=\count79
\c@section=\count80
\c@subsection=\count81
\c@subsubsection=\count82
\c@paragraph=\count83
\c@subparagraph=\count84
\c@figure=\count85
\c@table=\count86
\abovecaptionskip=\skip41
\belowcaptionskip=\skip42
\bibindent=\dimen102
)
("C:\Users\LeonardoCariaggi\AppData\Local\Programs\MiKTeX 2.9\tex\latex\base\in
putenc.sty"
Package: inputenc 2015/03/17 v1.2c Input encoding file
\inpenc@prehook=\toks14
\inpenc@posthook=\toks15

("C:\Users\LeonardoCariaggi\AppData\Local\Programs\MiKTeX 2.9\tex\latex\base\ut
f8.def"
File: utf8.def 2017/01/28 v1.1t UTF-8 support for inputenc
Now handling font encoding OML ...
... no UTF-8 mapping file for font encoding OML
Now handling font encoding T1 ...
... processing UTF-8 mapping file for font encoding T1

("C:\Users\LeonardoCariaggi\AppData\Local\Programs\MiKTeX 2.9\tex\latex\base\t1
enc.dfu"
File: t1enc.dfu 2017/01/28 v1.1t UTF-8 support for inputenc
   defining Unicode char U+00A0 (decimal 160)
   defining Unicode char U+00A1 (decimal 161)
   defining Unicode char U+00A3 (decimal 163)
   defining Unicode char U+00AB (decimal 171)
   defining Unicode char U+00AD (decimal 173)
   defining Unicode char U+00BB (decimal 187)
   defining Unicode char U+00BF (decimal 191)
   defining Unicode char U+00C0 (decimal 192)
   defining Unicode char U+00C1 (decimal 193)
   defining Unicode char U+00C2 (decimal 194)
   defining Unicode char U+00C3 (decimal 195)
   defining Unicode char U+00C4 (decimal 196)
   defining Unicode char U+00C5 (decimal 197)
   defining Unicode char U+00C6 (decimal 198)
   defining Unicode char U+00C7 (decimal 199)
   defining Unicode char U+00C8 (decimal 200)
   defining Unicode char U+00C9 (decimal 201)
   defining Unicode char U+00CA (decimal 202)
   defining Unicode char U+00CB (decimal 203)
   defining Unicode char U+00CC (decimal 204)
   defining Unicode char U+00CD (decimal 205)
   defining Unicode char U+00CE (decimal 206)
   defining Unicode char U+00CF (decimal 207)
   defining Unicode char U+00D0 (decimal 208)
   defining Unicode char U+00D1 (decimal 209)
   defining Unicode char U+00D2 (decimal 210)
   defining Unicode char U+00D3 (decimal 211)
   defining Unicode char U+00D4 (decimal 212)
   defining Unicode char U+00D5 (decimal 213)
   defining Unicode char U+00D6 (decimal 214)
   defining Unicode char U+00D8 (decimal 216)
   defining Unicode char U+00D9 (decimal 217)
   defining Unicode char U+00DA (decimal 218)
   defining Unicode char U+00DB (decimal 219)
   defining Unicode char U+00DC (decimal 220)
   defining Unicode char U+00DD (decimal 221)
   defining Unicode char U+00DE (decimal 222)
   defining Unicode char U+00DF (decimal 223)
   defining Unicode char U+00E0 (decimal 224)
   defining Unicode char U+00E1 (decimal 225)
   defining Unicode char U+00E2 (decimal 226)
   defining Unicode char U+00E3 (decimal 227)
   defining Unicode char U+00E4 (decimal 228)
   defining Unicode char U+00E5 (decimal 229)
   defining Unicode char U+00E6 (decimal 230)
   defining Unicode char U+00E7 (decimal 231)
   defining Unicode char U+00E8 (decimal 232)
   defining Unicode char U+00E9 (decimal 233)
   defining Unicode char U+00EA (decimal 234)
   defining Unicode char U+00EB (decimal 235)
   defining Unicode char U+00EC (decimal 236)
   defining Unicode char U+00ED (decimal 237)
   defining Unicode char U+00EE (decimal 238)
   defining Unicode char U+00EF (decimal 239)
   defining Unicode char U+00F0 (decimal 240)
   defining Unicode char U+00F1 (decimal 241)
   defining Unicode char U+00F2 (decimal 242)
   defining Unicode char U+00F3 (decimal 243)
   defining Unicode char U+00F4 (decimal 244)
   defining Unicode char U+00F5 (decimal 245)
   defining Unicode char U+00F6 (decimal 246)
   defining Unicode char U+00F8 (decimal 248)
   defining Unicode char U+00F9 (decimal 249)
   defining Unicode char U+00FA (decimal 250)
   defining Unicode char U+00FB (decimal 251)
   defining Unicode char U+00FC (decimal 252)
   defining Unicode char U+00FD (decimal 253)
   defining Unicode char U+00FE (decimal 254)
   defining Unicode char U+00FF (decimal 255)
   defining Unicode char U+0100 (decimal 256)
   defining Unicode char U+0101 (decimal 257)
   defining Unicode char U+0102 (decimal 258)
   defining Unicode char U+0103 (decimal 259)
   defining Unicode char U+0104 (decimal 260)
   defining Unicode char U+0105 (decimal 261)
   defining Unicode char U+0106 (decimal 262)
   defining Unicode char U+0107 (decimal 263)
   defining Unicode char U+0108 (decimal 264)
   defining Unicode char U+0109 (decimal 265)
   defining Unicode char U+010A (decimal 266)
   defining Unicode char U+010B (decimal 267)
   defining Unicode char U+010C (decimal 268)
   defining Unicode char U+010D (decimal 269)
   defining Unicode char U+010E (decimal 270)
   defining Unicode char U+010F (decimal 271)
   defining Unicode char U+0110 (decimal 272)
   defining Unicode char U+0111 (decimal 273)
   defining Unicode char U+0112 (decimal 274)
   defining Unicode char U+0113 (decimal 275)
   defining Unicode char U+0114 (decimal 276)
   defining Unicode char U+0115 (decimal 277)
   defining Unicode char U+0116 (decimal 278)
   defining Unicode char U+0117 (decimal 279)
   defining Unicode char U+0118 (decimal 280)
   defining Unicode char U+0119 (decimal 281)
   defining Unicode char U+011A (decimal 282)
   defining Unicode char U+011B (decimal 283)
   defining Unicode char U+011C (decimal 284)
   defining Unicode char U+011D (decimal 285)
   defining Unicode char U+011E (decimal 286)
   defining Unicode char U+011F (decimal 287)
   defining Unicode char U+0120 (decimal 288)
   defining Unicode char U+0121 (decimal 289)
   defining Unicode char U+0122 (decimal 290)
   defining Unicode char U+0123 (decimal 291)
   defining Unicode char U+0124 (decimal 292)
   defining Unicode char U+0125 (decimal 293)
   defining Unicode char U+0128 (decimal 296)
   defining Unicode char U+0129 (decimal 297)
   defining Unicode char U+012A (decimal 298)
   defining Unicode char U+012B (decimal 299)
   defining Unicode char U+012C (decimal 300)
   defining Unicode char U+012D (decimal 301)
   defining Unicode char U+012E (decimal 302)
   defining Unicode char U+012F (decimal 303)
   defining Unicode char U+0130 (decimal 304)
   defining Unicode char U+0131 (decimal 305)
   defining Unicode char U+0132 (decimal 306)
   defining Unicode char U+0133 (decimal 307)
   defining Unicode char U+0134 (decimal 308)
   defining Unicode char U+0135 (decimal 309)
   defining Unicode char U+0136 (decimal 310)
   defining Unicode char U+0137 (decimal 311)
   defining Unicode char U+0139 (decimal 313)
   defining Unicode char U+013A (decimal 314)
   defining Unicode char U+013B (decimal 315)
   defining Unicode char U+013C (decimal 316)
   defining Unicode char U+013D (decimal 317)
   defining Unicode char U+013E (decimal 318)
   defining Unicode char U+0141 (decimal 321)
   defining Unicode char U+0142 (decimal 322)
   defining Unicode char U+0143 (decimal 323)
   defining Unicode char U+0144 (decimal 324)
   defining Unicode char U+0145 (decimal 325)
   defining Unicode char U+0146 (decimal 326)
   defining Unicode char U+0147 (decimal 327)
   defining Unicode char U+0148 (decimal 328)
   defining Unicode char U+014A (decimal 330)
   defining Unicode char U+014B (decimal 331)
   defining Unicode char U+014C (decimal 332)
   defining Unicode char U+014D (decimal 333)
   defining Unicode char U+014E (decimal 334)
   defining Unicode char U+014F (decimal 335)
   defining Unicode char U+0150 (decimal 336)
   defining Unicode char U+0151 (decimal 337)
   defining Unicode char U+0152 (decimal 338)
   defining Unicode char U+0153 (decimal 339)
   defining Unicode char U+0154 (decimal 340)
   defining Unicode char U+0155 (decimal 341)
   defining Unicode char U+0156 (decimal 342)
   defining Unicode char U+0157 (decimal 343)
   defining Unicode char U+0158 (decimal 344)
   defining Unicode char U+0159 (decimal 345)
   defining Unicode char U+015A (decimal 346)
   defining Unicode char U+015B (decimal 347)
   defining Unicode char U+015C (decimal 348)
   defining Unicode char U+015D (decimal 349)
   defining Unicode char U+015E (decimal 350)
   defining Unicode char U+015F (decimal 351)
   defining Unicode char U+0160 (decimal 352)
   defining Unicode char U+0161 (decimal 353)
   defining Unicode char U+0162 (decimal 354)
   defining Unicode char U+0163 (decimal 355)
   defining Unicode char U+0164 (decimal 356)
   defining Unicode char U+0165 (decimal 357)
   defining Unicode char U+0168 (decimal 360)
   defining Unicode char U+0169 (decimal 361)
   defining Unicode char U+016A (decimal 362)
   defining Unicode char U+016B (decimal 363)
   defining Unicode char U+016C (decimal 364)
   defining Unicode char U+016D (decimal 365)
   defining Unicode char U+016E (decimal 366)
   defining Unicode char U+016F (decimal 367)
   defining Unicode char U+0170 (decimal 368)
   defining Unicode char U+0171 (decimal 369)
   defining Unicode char U+0172 (decimal 370)
   defining Unicode char U+0173 (decimal 371)
   defining Unicode char U+0174 (decimal 372)
   defining Unicode char U+0175 (decimal 373)
   defining Unicode char U+0176 (decimal 374)
   defining Unicode char U+0177 (decimal 375)
   defining Unicode char U+0178 (decimal 376)
   defining Unicode char U+0179 (decimal 377)
   defining Unicode char U+017A (decimal 378)
   defining Unicode char U+017B (decimal 379)
   defining Unicode char U+017C (decimal 380)
   defining Unicode char U+017D (decimal 381)
   defining Unicode char U+017E (decimal 382)
   defining Unicode char U+01CD (decimal 461)
   defining Unicode char U+01CE (decimal 462)
   defining Unicode char U+01CF (decimal 463)
   defining Unicode char U+01D0 (decimal 464)
   defining Unicode char U+01D1 (decimal 465)
   defining Unicode char U+01D2 (decimal 466)
   defining Unicode char U+01D3 (decimal 467)
   defining Unicode char U+01D4 (decimal 468)
   defining Unicode char U+01E2 (decimal 482)
   defining Unicode char U+01E3 (decimal 483)
   defining Unicode char U+01E6 (decimal 486)
   defining Unicode char U+01E7 (decimal 487)
   defining Unicode char U+01E8 (decimal 488)
   defining Unicode char U+01E9 (decimal 489)
   defining Unicode char U+01EA (decimal 490)
   defining Unicode char U+01EB (decimal 491)
   defining Unicode char U+01F0 (decimal 496)
   defining Unicode char U+01F4 (decimal 500)
   defining Unicode char U+01F5 (decimal 501)
   defining Unicode char U+0218 (decimal 536)
   defining Unicode char U+0219 (decimal 537)
   defining Unicode char U+021A (decimal 538)
   defining Unicode char U+021B (decimal 539)
   defining Unicode char U+0232 (decimal 562)
   defining Unicode char U+0233 (decimal 563)
   defining Unicode char U+1E02 (decimal 7682)
   defining Unicode char U+1E03 (decimal 7683)
   defining Unicode char U+200C (decimal 8204)
   defining Unicode char U+2010 (decimal 8208)
   defining Unicode char U+2011 (decimal 8209)
   defining Unicode char U+2012 (decimal 8210)
   defining Unicode char U+2013 (decimal 8211)
   defining Unicode char U+2014 (decimal 8212)
   defining Unicode char U+2015 (decimal 8213)
   defining Unicode char U+2018 (decimal 8216)
   defining Unicode char U+2019 (decimal 8217)
   defining Unicode char U+201A (decimal 8218)
   defining Unicode char U+201C (decimal 8220)
   defining Unicode char U+201D (decimal 8221)
   defining Unicode char U+201E (decimal 8222)
   defining Unicode char U+2030 (decimal 8240)
   defining Unicode char U+2031 (decimal 8241)
   defining Unicode char U+2039 (decimal 8249)
   defining Unicode char U+203A (decimal 8250)
   defining Unicode char U+2423 (decimal 9251)
   defining Unicode char U+1E20 (decimal 7712)
   defining Unicode char U+1E21 (decimal 7713)
)
Now handling font encoding OT1 ...
... processing UTF-8 mapping file for font encoding OT1

("C:\Users\LeonardoCariaggi\AppData\Local\Programs\MiKTeX 2.9\tex\latex\base\ot
1enc.dfu"
File: ot1enc.dfu 2017/01/28 v1.1t UTF-8 support for inputenc
   defining Unicode char U+00A0 (decimal 160)
   defining Unicode char U+00A1 (decimal 161)
   defining Unicode char U+00A3 (decimal 163)
   defining Unicode char U+00AD (decimal 173)
   defining Unicode char U+00B8 (decimal 184)
   defining Unicode char U+00BF (decimal 191)
   defining Unicode char U+00C5 (decimal 197)
   defining Unicode char U+00C6 (decimal 198)
   defining Unicode char U+00D8 (decimal 216)
   defining Unicode char U+00DF (decimal 223)
   defining Unicode char U+00E6 (decimal 230)
   defining Unicode char U+00EC (decimal 236)
   defining Unicode char U+00ED (decimal 237)
   defining Unicode char U+00EE (decimal 238)
   defining Unicode char U+00EF (decimal 239)
   defining Unicode char U+00F8 (decimal 248)
   defining Unicode char U+0131 (decimal 305)
   defining Unicode char U+0141 (decimal 321)
   defining Unicode char U+0142 (decimal 322)
   defining Unicode char U+0152 (decimal 338)
   defining Unicode char U+0153 (decimal 339)
   defining Unicode char U+0174 (decimal 372)
   defining Unicode char U+0175 (decimal 373)
   defining Unicode char U+0176 (decimal 374)
   defining Unicode char U+0177 (decimal 375)
   defining Unicode char U+0218 (decimal 536)
   defining Unicode char U+0219 (decimal 537)
   defining Unicode char U+021A (decimal 538)
   defining Unicode char U+021B (decimal 539)
   defining Unicode char U+2013 (decimal 8211)
   defining Unicode char U+2014 (decimal 8212)
   defining Unicode char U+2018 (decimal 8216)
   defining Unicode char U+2019 (decimal 8217)
   defining Unicode char U+201C (decimal 8220)
   defining Unicode char U+201D (decimal 8221)
)
Now handling font encoding OMS ...
... processing UTF-8 mapping file for font encoding OMS

("C:\Users\LeonardoCariaggi\AppData\Local\Programs\MiKTeX 2.9\tex\latex\base\om
senc.dfu"
File: omsenc.dfu 2017/01/28 v1.1t UTF-8 support for inputenc
   defining Unicode char U+00A7 (decimal 167)
   defining Unicode char U+00B6 (decimal 182)
   defining Unicode char U+00B7 (decimal 183)
   defining Unicode char U+2020 (decimal 8224)
   defining Unicode char U+2021 (decimal 8225)
   defining Unicode char U+2022 (decimal 8226)
)
Now handling font encoding OMX ...
... no UTF-8 mapping file for font encoding OMX
Now handling font encoding U ...
... no UTF-8 mapping file for font encoding U
   defining Unicode char U+00A9 (decimal 169)
   defining Unicode char U+00AA (decimal 170)
   defining Unicode char U+00AE (decimal 174)
   defining Unicode char U+00BA (decimal 186)
   defining Unicode char U+02C6 (decimal 710)
   defining Unicode char U+02DC (decimal 732)
   defining Unicode char U+200C (decimal 8204)
   defining Unicode char U+2026 (decimal 8230)
   defining Unicode char U+2122 (decimal 8482)
   defining Unicode char U+2423 (decimal 9251)
))
("C:\Users\LeonardoCariaggi\AppData\Local\Programs\MiKTeX 2.9\tex\generic\babel
\babel.sty"
Package: babel 2017/05/19 3.10 The Babel package

*************************************
* Local config file bblopts.cfg used
*

("C:\Users\LeonardoCariaggi\AppData\Local\Programs\MiKTeX 2.9\tex\latex\arabi\b
blopts.cfg"
File: bblopts.cfg 2005/09/08 v0.1 add Arabic and Farsi to "declared" options of
 babel
)
("C:\Users\LeonardoCariaggi\AppData\Local\Programs\MiKTeX 2.9\tex\latex\babel-i
talian\italian.ldf"
Language: italian 2015/03/26 v1.3n Italian support from the babel system

("C:\Users\LeonardoCariaggi\AppData\Local\Programs\MiKTeX 2.9\tex\generic\babel
\babel.def"
File: babel.def 2017/05/19 3.10 Babel common definitions
\babel@savecnt=\count87
\U@D=\dimen103
)
\it@lettering=\count88
\it@doublequoteactive=\count89
\it@ISOcompliance=\count90
))
("C:\Users\LeonardoCariaggi\AppData\Local\Programs\MiKTeX 2.9\tex\latex\etoolbo
x\etoolbox.sty"
Package: etoolbox 2017/01/02 v2.4 e-TeX tools for LaTeX (JAW)
\etb@tempcnta=\count91
)
("C:\Users\LeonardoCariaggi\AppData\Local\Programs\MiKTeX 2.9\tex\latex\base\fo
ntenc.sty"
Package: fontenc 2017/04/05 v2.0i Standard LaTeX package

("C:\Users\LeonardoCariaggi\AppData\Local\Programs\MiKTeX 2.9\tex\latex\base\t1
enc.def"
File: t1enc.def 2017/04/05 v2.0i Standard LaTeX file
LaTeX Font Info:    Redeclaring font encoding T1 on input line 48.
))
("C:\Users\LeonardoCariaggi\AppData\Local\Programs\MiKTeX 2.9\tex\latex\tools\m
ulticol.sty"
Package: multicol 2017/04/11 v1.8q multicolumn formatting (FMi)
\c@tracingmulticols=\count92
\mult@box=\box26
\multicol@leftmargin=\dimen104
\c@unbalance=\count93
\c@collectmore=\count94
\doublecol@number=\count95
\multicoltolerance=\count96
\multicolpretolerance=\count97
\full@width=\dimen105
\page@free=\dimen106
\premulticols=\dimen107
\postmulticols=\dimen108
\multicolsep=\skip43
\multicolbaselineskip=\skip44
\partial@page=\box27
\last@line=\box28
\maxbalancingoverflow=\dimen109
\mult@rightbox=\box29
\mult@grightbox=\box30
\mult@gfirstbox=\box31
\mult@firstbox=\box32
\@tempa=\box33
\@tempa=\box34
\@tempa=\box35
\@tempa=\box36
\@tempa=\box37
\@tempa=\box38
\@tempa=\box39
\@tempa=\box40
\@tempa=\box41
\@tempa=\box42
\@tempa=\box43
\@tempa=\box44
\@tempa=\box45
\@tempa=\box46
\@tempa=\box47
\@tempa=\box48
\@tempa=\box49
\c@columnbadness=\count98
\c@finalcolumnbadness=\count99
\last@try=\dimen110
\multicolovershoot=\dimen111
\multicolundershoot=\dimen112
\mult@nat@firstbox=\box50
\colbreak@box=\box51
\mc@col@check@num=\count100
)
("C:\Users\LeonardoCariaggi\AppData\Local\Programs\MiKTeX 2.9\tex\latex\tools\e
numerate.sty"
Package: enumerate 2015/07/23 v3.00 enumerate extensions (DPC)
\@enLab=\toks16
)
("C:\Users\LeonardoCariaggi\AppData\Local\Programs\MiKTeX 2.9\tex\latex\ulem\ul
em.sty"
\UL@box=\box52
\UL@hyphenbox=\box53
\UL@skip=\skip45
\UL@hook=\toks17
\UL@height=\dimen113
\UL@pe=\count101
\UL@pixel=\dimen114
\ULC@box=\box54
Package: ulem 2012/05/18
\ULdepth=\dimen115
)
("C:\Users\LeonardoCariaggi\AppData\Local\Programs\MiKTeX 2.9\tex\latex\multiro
w\multirow.sty"
Package: multirow 2016/11/25 v2.2 Span multiple rows of a table
\multirow@colwidth=\skip46
\multirow@cntb=\count102
\multirow@dima=\skip47
\bigstrutjot=\dimen116
)
("C:\Users\LeonardoCariaggi\AppData\Local\Programs\MiKTeX 2.9\tex\latex\tools\t
abularx.sty"
Package: tabularx 2016/02/03 v2.11 `tabularx' package (DPC)

("C:\Users\LeonardoCariaggi\AppData\Local\Programs\MiKTeX 2.9\tex\latex\tools\a
rray.sty"
Package: array 2016/10/06 v2.4d Tabular extension package (FMi)
\col@sep=\dimen117
\extrarowheight=\dimen118
\NC@list=\toks18
\extratabsurround=\skip48
\backup@length=\skip49
)
\TX@col@width=\dimen119
\TX@old@table=\dimen120
\TX@old@col=\dimen121
\TX@target=\dimen122
\TX@delta=\dimen123
\TX@cols=\count103
\TX@ftn=\toks19
)
("C:\Users\LeonardoCariaggi\AppData\Local\Programs\MiKTeX 2.9\tex\latex\footmis
c\footmisc.sty"
Package: footmisc 2011/06/06 v5.5b a miscellany of footnote facilities
\FN@temptoken=\toks20
\footnotemargin=\dimen124
\c@pp@next@reset=\count104
Package footmisc Info: Declaring symbol style bringhurst on input line 855.
Package footmisc Info: Declaring symbol style chicago on input line 863.
Package footmisc Info: Declaring symbol style wiley on input line 872.
Package footmisc Info: Declaring symbol style lamport-robust on input line 883.

Package footmisc Info: Declaring symbol style lamport* on input line 903.
Package footmisc Info: Declaring symbol style lamport*-robust on input line 924
.
)
("C:\Users\LeonardoCariaggi\AppData\Local\Programs\MiKTeX 2.9\tex\latex\wrapfig
\wrapfig.sty"
\wrapoverhang=\dimen125
\WF@size=\dimen126
\c@WF@wrappedlines=\count105
\WF@box=\box55
\WF@everypar=\toks21
Package: wrapfig 2003/01/31  v 3.6
)
("C:\Users\LeonardoCariaggi\AppData\Local\Programs\MiKTeX 2.9\tex\latex\xcolor\
xcolor.sty"
Package: xcolor 2016/05/11 v2.12 LaTeX color extensions (UK)

("C:\Users\LeonardoCariaggi\AppData\Local\Programs\MiKTeX 2.9\tex\latex\graphic
s-cfg\color.cfg"
File: color.cfg 2016/01/02 v1.6 sample color configuration
)
Package xcolor Info: Driver file: pdftex.def on input line 225.

("C:\Users\LeonardoCariaggi\AppData\Local\Programs\MiKTeX 2.9\tex\latex\graphic
s-def\pdftex.def"
File: pdftex.def 2017/01/12 v0.06k Graphics/color for pdfTeX

("C:\Users\LeonardoCariaggi\AppData\Local\Programs\MiKTeX 2.9\tex\generic\oberd
iek\infwarerr.sty"
Package: infwarerr 2016/05/16 v1.4 Providing info/warning/error messages (HO)
)
("C:\Users\LeonardoCariaggi\AppData\Local\Programs\MiKTeX 2.9\tex\generic\oberd
iek\ltxcmds.sty"
Package: ltxcmds 2016/05/16 v1.23 LaTeX kernel commands for general use (HO)
)
\Gread@gobject=\count106
)
("C:\Users\LeonardoCariaggi\AppData\Local\Programs\MiKTeX 2.9\tex\latex\colortb
l\colortbl.sty"
Package: colortbl 2012/02/13 v1.0a Color table columns (DPC)
\everycr=\toks22
\minrowclearance=\skip50
)
\rownum=\count107
Package xcolor Info: Model `cmy' substituted by `cmy0' on input line 1348.
Package xcolor Info: Model `hsb' substituted by `rgb' on input line 1352.
Package xcolor Info: Model `RGB' extended on input line 1364.
Package xcolor Info: Model `HTML' substituted by `rgb' on input line 1366.
Package xcolor Info: Model `Hsb' substituted by `hsb' on input line 1367.
Package xcolor Info: Model `tHsb' substituted by `hsb' on input line 1368.
Package xcolor Info: Model `HSB' substituted by `hsb' on input line 1369.
Package xcolor Info: Model `Gray' substituted by `gray' on input line 1370.
Package xcolor Info: Model `wave' substituted by `hsb' on input line 1371.
)
("C:\Users\LeonardoCariaggi\AppData\Local\Programs\MiKTeX 2.9\tex\latex\float\f
loat.sty"
Package: float 2001/11/08 v1.3d Float enhancements (AL)
\c@float@type=\count108
\float@exts=\toks23
\float@box=\box56
\@float@everytoks=\toks24
\@floatcapt=\box57
)
("C:\Users\LeonardoCariaggi\AppData\Local\Programs\MiKTeX 2.9\tex\latex\caption
\caption.sty"
Package: caption 2016/02/21 v3.3-144 Customizing captions (AR)

("C:\Users\LeonardoCariaggi\AppData\Local\Programs\MiKTeX 2.9\tex\latex\caption
\caption3.sty"
Package: caption3 2016/05/22 v1.7-166 caption3 kernel (AR)
Package caption3 Info: TeX engine: e-TeX on input line 67.

("C:\Users\LeonardoCariaggi\AppData\Local\Programs\MiKTeX 2.9\tex\latex\graphic
s\keyval.sty"
Package: keyval 2014/10/28 v1.15 key=value parser (DPC)
\KV@toks@=\toks25
)
\captionmargin=\dimen127
\captionmargin@=\dimen128
\captionwidth=\dimen129
\caption@tempdima=\dimen130
\caption@indent=\dimen131
\caption@parindent=\dimen132
\caption@hangindent=\dimen133
)
\c@ContinuedFloat=\count109
Package caption Info: float package is loaded.
Package caption Info: wrapfig package is loaded.
)
("C:\Users\LeonardoCariaggi\AppData\Local\Programs\MiKTeX 2.9\tex\latex\url\url
.sty"
\Urlmuskip=\muskip10
Package: url 2013/09/16  ver 3.4  Verb mode for urls, etc.
)
("C:\Users\LeonardoCariaggi\AppData\Local\Programs\MiKTeX 2.9\tex\latex\caption
\subcaption.sty"
Package: subcaption 2016/05/22 v1.1-161 Sub-captions (AR)
\c@subfigure=\count110
\c@subtable=\count111
)
("C:\Users\LeonardoCariaggi\AppData\Local\Programs\MiKTeX 2.9\tex\latex\chngcnt
r\chngcntr.sty"
Package: chngcntr 2009/09/02 v1.0a change counter resetting
)
("C:\Users\LeonardoCariaggi\AppData\Local\Programs\MiKTeX 2.9\tex\latex\amsfont
s\amssymb.sty"
Package: amssymb 2013/01/14 v3.01 AMS font symbols

("C:\Users\LeonardoCariaggi\AppData\Local\Programs\MiKTeX 2.9\tex\latex\amsfont
s\amsfonts.sty"
Package: amsfonts 2013/01/14 v3.01 Basic AMSFonts support
\@emptytoks=\toks26
\symAMSa=\mathgroup4
\symAMSb=\mathgroup5
LaTeX Font Info:    Overwriting math alphabet `\mathfrak' in version `bold'
(Font)                  U/euf/m/n --> U/euf/b/n on input line 106.
))
\c@rowno=\count112

("C:\Users\LeonardoCariaggi\AppData\Local\Programs\MiKTeX 2.9\tex\latex\geometr
y\geometry.sty"
Package: geometry 2010/09/12 v5.6 Page Geometry

("C:\Users\LeonardoCariaggi\AppData\Local\Programs\MiKTeX 2.9\tex\generic\oberd
iek\ifpdf.sty"
Package: ifpdf 2017/03/15 v3.2 Provides the ifpdf switch
)
("C:\Users\LeonardoCariaggi\AppData\Local\Programs\MiKTeX 2.9\tex\generic\oberd
iek\ifvtex.sty"
Package: ifvtex 2016/05/16 v1.6 Detect VTeX and its facilities (HO)
Package ifvtex Info: VTeX not detected.
)
("C:\Users\LeonardoCariaggi\AppData\Local\Programs\MiKTeX 2.9\tex\generic\ifxet
ex\ifxetex.sty"
Package: ifxetex 2010/09/12 v0.6 Provides ifxetex conditional
)
\Gm@cnth=\count113
\Gm@cntv=\count114
\c@Gm@tempcnt=\count115
\Gm@bindingoffset=\dimen134
\Gm@wd@mp=\dimen135
\Gm@odd@mp=\dimen136
\Gm@even@mp=\dimen137
\Gm@layoutwidth=\dimen138
\Gm@layoutheight=\dimen139
\Gm@layouthoffset=\dimen140
\Gm@layoutvoffset=\dimen141
\Gm@dimlist=\toks27

("C:\Users\LeonardoCariaggi\AppData\Local\Programs\MiKTeX 2.9\tex\latex\geometr
y\geometry.cfg"))
("C:\Users\LeonardoCariaggi\AppData\Local\Programs\MiKTeX 2.9\tex\latex\amsmath
\amsmath.sty"
Package: amsmath 2016/11/05 v2.16a AMS math features
\@mathmargin=\skip51

For additional information on amsmath, use the `?' option.

("C:\Users\LeonardoCariaggi\AppData\Local\Programs\MiKTeX 2.9\tex\latex\amsmath
\amstext.sty"
Package: amstext 2000/06/29 v2.01 AMS text

("C:\Users\LeonardoCariaggi\AppData\Local\Programs\MiKTeX 2.9\tex\latex\amsmath
\amsgen.sty"
File: amsgen.sty 1999/11/30 v2.0 generic functions
\@emptytoks=\toks28
\ex@=\dimen142
))
("C:\Users\LeonardoCariaggi\AppData\Local\Programs\MiKTeX 2.9\tex\latex\amsmath
\amsbsy.sty"
Package: amsbsy 1999/11/29 v1.2d Bold Symbols
\pmbraise@=\dimen143
)
("C:\Users\LeonardoCariaggi\AppData\Local\Programs\MiKTeX 2.9\tex\latex\amsmath
\amsopn.sty"
Package: amsopn 2016/03/08 v2.02 operator names
)
\inf@bad=\count116
LaTeX Info: Redefining \frac on input line 213.
\uproot@=\count117
\leftroot@=\count118
LaTeX Info: Redefining \overline on input line 375.
\classnum@=\count119
\DOTSCASE@=\count120
LaTeX Info: Redefining \ldots on input line 472.
LaTeX Info: Redefining \dots on input line 475.
LaTeX Info: Redefining \cdots on input line 596.
\Mathstrutbox@=\box58
\strutbox@=\box59
\big@size=\dimen144
LaTeX Font Info:    Redeclaring font encoding OML on input line 712.
LaTeX Font Info:    Redeclaring font encoding OMS on input line 713.
\macc@depth=\count121
\c@MaxMatrixCols=\count122
\dotsspace@=\muskip11
\c@parentequation=\count123
\dspbrk@lvl=\count124
\tag@help=\toks29
\row@=\count125
\column@=\count126
\maxfields@=\count127
\andhelp@=\toks30
\eqnshift@=\dimen145
\alignsep@=\dimen146
\tagshift@=\dimen147
\tagwidth@=\dimen148
\totwidth@=\dimen149
\lineht@=\dimen150
\@envbody=\toks31
\multlinegap=\skip52
\multlinetaggap=\skip53
\mathdisplay@stack=\toks32
LaTeX Info: Redefining \[ on input line 2817.
LaTeX Info: Redefining \] on input line 2818.
)
("C:\Users\LeonardoCariaggi\AppData\Local\Programs\MiKTeX 2.9\tex\latex\graphic
s\graphicx.sty"
Package: graphicx 2014/10/28 v1.0g Enhanced LaTeX Graphics (DPC,SPQR)

("C:\Users\LeonardoCariaggi\AppData\Local\Programs\MiKTeX 2.9\tex\latex\graphic
s\graphics.sty"
Package: graphics 2017/04/14 v1.1b Standard LaTeX Graphics (DPC,SPQR)

("C:\Users\LeonardoCariaggi\AppData\Local\Programs\MiKTeX 2.9\tex\latex\graphic
s\trig.sty"
Package: trig 2016/01/03 v1.10 sin cos tan (DPC)
)
("C:\Users\LeonardoCariaggi\AppData\Local\Programs\MiKTeX 2.9\tex\latex\graphic
s-cfg\graphics.cfg"
File: graphics.cfg 2016/06/04 v1.11 sample graphics configuration
)
Package graphics Info: Driver file: pdftex.def on input line 99.
)
\Gin@req@height=\dimen151
\Gin@req@width=\dimen152
)
("C:\Users\LeonardoCariaggi\AppData\Local\Programs\MiKTeX 2.9\tex\latex\todonot
es\todonotes.sty"
Package: todonotes 2015/07/09 .dtx Todonotes source and documentation.
Package: todonotes 2012/07/25

("C:\Users\LeonardoCariaggi\AppData\Local\Programs\MiKTeX 2.9\tex\latex\base\if
then.sty"
Package: ifthen 2014/09/29 v1.1c Standard LaTeX ifthen package (DPC)
)
("C:\Users\LeonardoCariaggi\AppData\Local\Programs\MiKTeX 2.9\tex\latex\xkeyval
\xkeyval.sty"
Package: xkeyval 2014/12/03 v2.7a package option processing (HA)

("C:\Users\LeonardoCariaggi\AppData\Local\Programs\MiKTeX 2.9\tex\generic\xkeyv
al\xkeyval.tex"
("C:\Users\LeonardoCariaggi\AppData\Local\Programs\MiKTeX 2.9\tex\generic\xkeyv
al\xkvutils.tex"
\XKV@toks=\toks33
\XKV@tempa@toks=\toks34
)
\XKV@depth=\count128
File: xkeyval.tex 2014/12/03 v2.7a key=value parser (HA)
))
("C:\Users\LeonardoCariaggi\AppData\Local\Programs\MiKTeX 2.9\tex\latex\pgf\fro
ntendlayer\tikz.sty"
("C:\Users\LeonardoCariaggi\AppData\Local\Programs\MiKTeX 2.9\tex\latex\pgf\bas
iclayer\pgf.sty"
("C:\Users\LeonardoCariaggi\AppData\Local\Programs\MiKTeX 2.9\tex\latex\pgf\uti
lities\pgfrcs.sty"
("C:\Users\LeonardoCariaggi\AppData\Local\Programs\MiKTeX 2.9\tex\generic\pgf\u
tilities\pgfutil-common.tex"
\pgfutil@everybye=\toks35
\pgfutil@tempdima=\dimen153
\pgfutil@tempdimb=\dimen154

("C:\Users\LeonardoCariaggi\AppData\Local\Programs\MiKTeX 2.9\tex\generic\pgf\u
tilities\pgfutil-common-lists.tex"))
("C:\Users\LeonardoCariaggi\AppData\Local\Programs\MiKTeX 2.9\tex\generic\pgf\u
tilities\pgfutil-latex.def"
\pgfutil@abb=\box60

("C:\Users\LeonardoCariaggi\AppData\Local\Programs\MiKTeX 2.9\tex\latex\ms\ever
yshi.sty"
Package: everyshi 2001/05/15 v3.00 EveryShipout Package (MS)
))
("C:\Users\LeonardoCariaggi\AppData\Local\Programs\MiKTeX 2.9\tex\generic\pgf\u
tilities\pgfrcs.code.tex"
Package: pgfrcs 2015/08/07 v3.0.1a (rcs-revision 1.31)
))
Package: pgf 2015/08/07 v3.0.1a (rcs-revision 1.15)

("C:\Users\LeonardoCariaggi\AppData\Local\Programs\MiKTeX 2.9\tex\latex\pgf\bas
iclayer\pgfcore.sty"
("C:\Users\LeonardoCariaggi\AppData\Local\Programs\MiKTeX 2.9\tex\latex\pgf\sys
temlayer\pgfsys.sty"
("C:\Users\LeonardoCariaggi\AppData\Local\Programs\MiKTeX 2.9\tex\generic\pgf\s
ystemlayer\pgfsys.code.tex"
Package: pgfsys 2014/07/09 v3.0.1a (rcs-revision 1.48)

("C:\Users\LeonardoCariaggi\AppData\Local\Programs\MiKTeX 2.9\tex\generic\pgf\u
tilities\pgfkeys.code.tex"
\pgfkeys@pathtoks=\toks36
\pgfkeys@temptoks=\toks37

("C:\Users\LeonardoCariaggi\AppData\Local\Programs\MiKTeX 2.9\tex\generic\pgf\u
tilities\pgfkeysfiltered.code.tex"
\pgfkeys@tmptoks=\toks38
))
\pgf@x=\dimen155
\pgf@y=\dimen156
\pgf@xa=\dimen157
\pgf@ya=\dimen158
\pgf@xb=\dimen159
\pgf@yb=\dimen160
\pgf@xc=\dimen161
\pgf@yc=\dimen162
\w@pgf@writea=\write3
\r@pgf@reada=\read1
\c@pgf@counta=\count129
\c@pgf@countb=\count130
\c@pgf@countc=\count131
\c@pgf@countd=\count132
\t@pgf@toka=\toks39
\t@pgf@tokb=\toks40
\t@pgf@tokc=\toks41

("C:\Users\LeonardoCariaggi\AppData\Local\Programs\MiKTeX 2.9\tex\generic\pgf\s
ystemlayer\pgf.cfg"
File: pgf.cfg 2008/05/14  (rcs-revision 1.7)
)
Driver file for pgf: pgfsys-pdftex.def

("C:\Users\LeonardoCariaggi\AppData\Local\Programs\MiKTeX 2.9\tex\generic\pgf\s
ystemlayer\pgfsys-pdftex.def"
File: pgfsys-pdftex.def 2014/10/11  (rcs-revision 1.35)

("C:\Users\LeonardoCariaggi\AppData\Local\Programs\MiKTeX 2.9\tex\generic\pgf\s
ystemlayer\pgfsys-common-pdf.def"
File: pgfsys-common-pdf.def 2013/10/10  (rcs-revision 1.13)
)))
("C:\Users\LeonardoCariaggi\AppData\Local\Programs\MiKTeX 2.9\tex\generic\pgf\s
ystemlayer\pgfsyssoftpath.code.tex"
File: pgfsyssoftpath.code.tex 2013/09/09  (rcs-revision 1.9)
\pgfsyssoftpath@smallbuffer@items=\count133
\pgfsyssoftpath@bigbuffer@items=\count134
)
("C:\Users\LeonardoCariaggi\AppData\Local\Programs\MiKTeX 2.9\tex\generic\pgf\s
ystemlayer\pgfsysprotocol.code.tex"
File: pgfsysprotocol.code.tex 2006/10/16  (rcs-revision 1.4)
))
("C:\Users\LeonardoCariaggi\AppData\Local\Programs\MiKTeX 2.9\tex\generic\pgf\b
asiclayer\pgfcore.code.tex"
Package: pgfcore 2010/04/11 v3.0.1a (rcs-revision 1.7)

("C:\Users\LeonardoCariaggi\AppData\Local\Programs\MiKTeX 2.9\tex\generic\pgf\m
ath\pgfmath.code.tex"
("C:\Users\LeonardoCariaggi\AppData\Local\Programs\MiKTeX 2.9\tex\generic\pgf\m
ath\pgfmathcalc.code.tex"
("C:\Users\LeonardoCariaggi\AppData\Local\Programs\MiKTeX 2.9\tex\generic\pgf\m
ath\pgfmathutil.code.tex")
("C:\Users\LeonardoCariaggi\AppData\Local\Programs\MiKTeX 2.9\tex\generic\pgf\m
ath\pgfmathparser.code.tex"
\pgfmath@dimen=\dimen163
\pgfmath@count=\count135
\pgfmath@box=\box61
\pgfmath@toks=\toks42
\pgfmath@stack@operand=\toks43
\pgfmath@stack@operation=\toks44
)
("C:\Users\LeonardoCariaggi\AppData\Local\Programs\MiKTeX 2.9\tex\generic\pgf\m
ath\pgfmathfunctions.code.tex"
("C:\Users\LeonardoCariaggi\AppData\Local\Programs\MiKTeX 2.9\tex\generic\pgf\m
ath\pgfmathfunctions.basic.code.tex")
("C:\Users\LeonardoCariaggi\AppData\Local\Programs\MiKTeX 2.9\tex\generic\pgf\m
ath\pgfmathfunctions.trigonometric.code.tex")
("C:\Users\LeonardoCariaggi\AppData\Local\Programs\MiKTeX 2.9\tex\generic\pgf\m
ath\pgfmathfunctions.random.code.tex")
("C:\Users\LeonardoCariaggi\AppData\Local\Programs\MiKTeX 2.9\tex\generic\pgf\m
ath\pgfmathfunctions.comparison.code.tex")
("C:\Users\LeonardoCariaggi\AppData\Local\Programs\MiKTeX 2.9\tex\generic\pgf\m
ath\pgfmathfunctions.base.code.tex")
("C:\Users\LeonardoCariaggi\AppData\Local\Programs\MiKTeX 2.9\tex\generic\pgf\m
ath\pgfmathfunctions.round.code.tex")
("C:\Users\LeonardoCariaggi\AppData\Local\Programs\MiKTeX 2.9\tex\generic\pgf\m
ath\pgfmathfunctions.misc.code.tex")
("C:\Users\LeonardoCariaggi\AppData\Local\Programs\MiKTeX 2.9\tex\generic\pgf\m
ath\pgfmathfunctions.integerarithmetics.code.tex")))
("C:\Users\LeonardoCariaggi\AppData\Local\Programs\MiKTeX 2.9\tex\generic\pgf\m
ath\pgfmathfloat.code.tex"
\c@pgfmathroundto@lastzeros=\count136
))
("C:\Users\LeonardoCariaggi\AppData\Local\Programs\MiKTeX 2.9\tex\generic\pgf\b
asiclayer\pgfcorepoints.code.tex"
File: pgfcorepoints.code.tex 2013/10/07  (rcs-revision 1.27)
\pgf@picminx=\dimen164
\pgf@picmaxx=\dimen165
\pgf@picminy=\dimen166
\pgf@picmaxy=\dimen167
\pgf@pathminx=\dimen168
\pgf@pathmaxx=\dimen169
\pgf@pathminy=\dimen170
\pgf@pathmaxy=\dimen171
\pgf@xx=\dimen172
\pgf@xy=\dimen173
\pgf@yx=\dimen174
\pgf@yy=\dimen175
\pgf@zx=\dimen176
\pgf@zy=\dimen177
)
("C:\Users\LeonardoCariaggi\AppData\Local\Programs\MiKTeX 2.9\tex\generic\pgf\b
asiclayer\pgfcorepathconstruct.code.tex"
File: pgfcorepathconstruct.code.tex 2013/10/07  (rcs-revision 1.29)
\pgf@path@lastx=\dimen178
\pgf@path@lasty=\dimen179
)
("C:\Users\LeonardoCariaggi\AppData\Local\Programs\MiKTeX 2.9\tex\generic\pgf\b
asiclayer\pgfcorepathusage.code.tex"
File: pgfcorepathusage.code.tex 2014/11/02  (rcs-revision 1.24)
\pgf@shorten@end@additional=\dimen180
\pgf@shorten@start@additional=\dimen181
)
("C:\Users\LeonardoCariaggi\AppData\Local\Programs\MiKTeX 2.9\tex\generic\pgf\b
asiclayer\pgfcorescopes.code.tex"
File: pgfcorescopes.code.tex 2015/05/08  (rcs-revision 1.46)
\pgfpic=\box62
\pgf@hbox=\box63
\pgf@layerbox@main=\box64
\pgf@picture@serial@count=\count137
)
("C:\Users\LeonardoCariaggi\AppData\Local\Programs\MiKTeX 2.9\tex\generic\pgf\b
asiclayer\pgfcoregraphicstate.code.tex"
File: pgfcoregraphicstate.code.tex 2014/11/02  (rcs-revision 1.12)
\pgflinewidth=\dimen182
)
("C:\Users\LeonardoCariaggi\AppData\Local\Programs\MiKTeX 2.9\tex\generic\pgf\b
asiclayer\pgfcoretransformations.code.tex"
File: pgfcoretransformations.code.tex 2015/08/07  (rcs-revision 1.20)
\pgf@pt@x=\dimen183
\pgf@pt@y=\dimen184
\pgf@pt@temp=\dimen185
)
("C:\Users\LeonardoCariaggi\AppData\Local\Programs\MiKTeX 2.9\tex\generic\pgf\b
asiclayer\pgfcorequick.code.tex"
File: pgfcorequick.code.tex 2008/10/09  (rcs-revision 1.3)
)
("C:\Users\LeonardoCariaggi\AppData\Local\Programs\MiKTeX 2.9\tex\generic\pgf\b
asiclayer\pgfcoreobjects.code.tex"
File: pgfcoreobjects.code.tex 2006/10/11  (rcs-revision 1.2)
)
("C:\Users\LeonardoCariaggi\AppData\Local\Programs\MiKTeX 2.9\tex\generic\pgf\b
asiclayer\pgfcorepathprocessing.code.tex"
File: pgfcorepathprocessing.code.tex 2013/09/09  (rcs-revision 1.9)
)
("C:\Users\LeonardoCariaggi\AppData\Local\Programs\MiKTeX 2.9\tex\generic\pgf\b
asiclayer\pgfcorearrows.code.tex"
File: pgfcorearrows.code.tex 2015/05/14  (rcs-revision 1.43)
\pgfarrowsep=\dimen186
)
("C:\Users\LeonardoCariaggi\AppData\Local\Programs\MiKTeX 2.9\tex\generic\pgf\b
asiclayer\pgfcoreshade.code.tex"
File: pgfcoreshade.code.tex 2013/07/15  (rcs-revision 1.15)
\pgf@max=\dimen187
\pgf@sys@shading@range@num=\count138
)
("C:\Users\LeonardoCariaggi\AppData\Local\Programs\MiKTeX 2.9\tex\generic\pgf\b
asiclayer\pgfcoreimage.code.tex"
File: pgfcoreimage.code.tex 2013/07/15  (rcs-revision 1.18)

("C:\Users\LeonardoCariaggi\AppData\Local\Programs\MiKTeX 2.9\tex\generic\pgf\b
asiclayer\pgfcoreexternal.code.tex"
File: pgfcoreexternal.code.tex 2014/07/09  (rcs-revision 1.21)
\pgfexternal@startupbox=\box65
))
("C:\Users\LeonardoCariaggi\AppData\Local\Programs\MiKTeX 2.9\tex\generic\pgf\b
asiclayer\pgfcorelayers.code.tex"
File: pgfcorelayers.code.tex 2013/07/18  (rcs-revision 1.7)
)
("C:\Users\LeonardoCariaggi\AppData\Local\Programs\MiKTeX 2.9\tex\generic\pgf\b
asiclayer\pgfcoretransparency.code.tex"
File: pgfcoretransparency.code.tex 2013/09/30  (rcs-revision 1.5)
)
("C:\Users\LeonardoCariaggi\AppData\Local\Programs\MiKTeX 2.9\tex\generic\pgf\b
asiclayer\pgfcorepatterns.code.tex"
File: pgfcorepatterns.code.tex 2013/11/07  (rcs-revision 1.5)
)))
("C:\Users\LeonardoCariaggi\AppData\Local\Programs\MiKTeX 2.9\tex\generic\pgf\m
odules\pgfmoduleshapes.code.tex"
File: pgfmoduleshapes.code.tex 2014/03/21  (rcs-revision 1.35)
\pgfnodeparttextbox=\box66
)
("C:\Users\LeonardoCariaggi\AppData\Local\Programs\MiKTeX 2.9\tex\generic\pgf\m
odules\pgfmoduleplot.code.tex"
File: pgfmoduleplot.code.tex 2015/08/03  (rcs-revision 1.13)
)
("C:\Users\LeonardoCariaggi\AppData\Local\Programs\MiKTeX 2.9\tex\latex\pgf\com
patibility\pgfcomp-version-0-65.sty"
Package: pgfcomp-version-0-65 2007/07/03 v3.0.1a (rcs-revision 1.7)
\pgf@nodesepstart=\dimen188
\pgf@nodesepend=\dimen189
)
("C:\Users\LeonardoCariaggi\AppData\Local\Programs\MiKTeX 2.9\tex\latex\pgf\com
patibility\pgfcomp-version-1-18.sty"
Package: pgfcomp-version-1-18 2007/07/23 v3.0.1a (rcs-revision 1.1)
))
("C:\Users\LeonardoCariaggi\AppData\Local\Programs\MiKTeX 2.9\tex\latex\pgf\uti
lities\pgffor.sty"
("C:\Users\LeonardoCariaggi\AppData\Local\Programs\MiKTeX 2.9\tex\latex\pgf\uti
lities\pgfkeys.sty"
("C:\Users\LeonardoCariaggi\AppData\Local\Programs\MiKTeX 2.9\tex\generic\pgf\u
tilities\pgfkeys.code.tex"))
("C:\Users\LeonardoCariaggi\AppData\Local\Programs\MiKTeX 2.9\tex\latex\pgf\mat
h\pgfmath.sty"
("C:\Users\LeonardoCariaggi\AppData\Local\Programs\MiKTeX 2.9\tex\generic\pgf\m
ath\pgfmath.code.tex"))
("C:\Users\LeonardoCariaggi\AppData\Local\Programs\MiKTeX 2.9\tex\generic\pgf\u
tilities\pgffor.code.tex"
Package: pgffor 2013/12/13 v3.0.1a (rcs-revision 1.25)

("C:\Users\LeonardoCariaggi\AppData\Local\Programs\MiKTeX 2.9\tex\generic\pgf\m
ath\pgfmath.code.tex")
\pgffor@iter=\dimen190
\pgffor@skip=\dimen191
\pgffor@stack=\toks45
\pgffor@toks=\toks46
))
("C:\Users\LeonardoCariaggi\AppData\Local\Programs\MiKTeX 2.9\tex\generic\pgf\f
rontendlayer\tikz\tikz.code.tex"
Package: tikz 2015/08/07 v3.0.1a (rcs-revision 1.151)

("C:\Users\LeonardoCariaggi\AppData\Local\Programs\MiKTeX 2.9\tex\generic\pgf\l
ibraries\pgflibraryplothandlers.code.tex"
File: pgflibraryplothandlers.code.tex 2013/08/31 v3.0.1a (rcs-revision 1.20)
\pgf@plot@mark@count=\count139
\pgfplotmarksize=\dimen192
)
\tikz@lastx=\dimen193
\tikz@lasty=\dimen194
\tikz@lastxsaved=\dimen195
\tikz@lastysaved=\dimen196
\tikzleveldistance=\dimen197
\tikzsiblingdistance=\dimen198
\tikz@figbox=\box67
\tikz@figbox@bg=\box68
\tikz@tempbox=\box69
\tikz@tempbox@bg=\box70
\tikztreelevel=\count140
\tikznumberofchildren=\count141
\tikznumberofcurrentchild=\count142
\tikz@fig@count=\count143

("C:\Users\LeonardoCariaggi\AppData\Local\Programs\MiKTeX 2.9\tex\generic\pgf\m
odules\pgfmodulematrix.code.tex"
File: pgfmodulematrix.code.tex 2013/09/17  (rcs-revision 1.8)
\pgfmatrixcurrentrow=\count144
\pgfmatrixcurrentcolumn=\count145
\pgf@matrix@numberofcolumns=\count146
)
\tikz@expandcount=\count147

("C:\Users\LeonardoCariaggi\AppData\Local\Programs\MiKTeX 2.9\tex\generic\pgf\f
rontendlayer\tikz\libraries\tikzlibrarytopaths.code.tex"
File: tikzlibrarytopaths.code.tex 2008/06/17 v3.0.1a (rcs-revision 1.2)
)))
("C:\Users\LeonardoCariaggi\AppData\Local\Programs\MiKTeX 2.9\tex\generic\pgf\f
rontendlayer\tikz\libraries\tikzlibrarypositioning.code.tex"
File: tikzlibrarypositioning.code.tex 2008/10/06 v3.0.1a (rcs-revision 1.7)
)
("C:\Users\LeonardoCariaggi\AppData\Local\Programs\MiKTeX 2.9\tex\latex\tools\c
alc.sty"
Package: calc 2014/10/28 v4.3 Infix arithmetic (KKT,FJ)
\calc@Acount=\count148
\calc@Bcount=\count149
\calc@Adimen=\dimen199
\calc@Bdimen=\dimen256
\calc@Askip=\skip54
\calc@Bskip=\skip55
LaTeX Info: Redefining \setlength on input line 80.
LaTeX Info: Redefining \addtolength on input line 81.
\calc@Ccount=\count150
\calc@Cskip=\skip56
)
\c@@todonotes@numberoftodonotes=\count151
)
("C:\Users\LeonardoCariaggi\AppData\Local\Programs\MiKTeX 2.9\tex\latex\hyperre
f\hyperref.sty"
Package: hyperref 2017/03/14 v6.85a Hypertext links for LaTeX

("C:\Users\LeonardoCariaggi\AppData\Local\Programs\MiKTeX 2.9\tex\generic\oberd
iek\hobsub-hyperref.sty"
Package: hobsub-hyperref 2016/05/16 v1.14 Bundle oberdiek, subset hyperref (HO)


("C:\Users\LeonardoCariaggi\AppData\Local\Programs\MiKTeX 2.9\tex\generic\oberd
iek\hobsub-generic.sty"
Package: hobsub-generic 2016/05/16 v1.14 Bundle oberdiek, subset generic (HO)
Package: hobsub 2016/05/16 v1.14 Construct package bundles (HO)
Package hobsub Info: Skipping package `infwarerr' (already loaded).
Package hobsub Info: Skipping package `ltxcmds' (already loaded).
Package: ifluatex 2016/05/16 v1.4 Provides the ifluatex switch (HO)
Package ifluatex Info: LuaTeX not detected.
Package hobsub Info: Skipping package `ifvtex' (already loaded).
Package: intcalc 2016/05/16 v1.2 Expandable calculations with integers (HO)
Package hobsub Info: Skipping package `ifpdf' (already loaded).
Package: etexcmds 2016/05/16 v1.6 Avoid name clashes with e-TeX commands (HO)
Package etexcmds Info: Could not find \expanded.
(etexcmds)             That can mean that you are not using pdfTeX 1.50 or
(etexcmds)             that some package has redefined \expanded.
(etexcmds)             In the latter case, load this package earlier.
Package: kvsetkeys 2016/05/16 v1.17 Key value parser (HO)
Package: kvdefinekeys 2016/05/16 v1.4 Define keys (HO)
Package: pdftexcmds 2017/03/19 v0.25 Utility functions of pdfTeX for LuaTeX (HO
)
Package pdftexcmds Info: LuaTeX not detected.
Package pdftexcmds Info: \pdf@primitive is available.
Package pdftexcmds Info: \pdf@ifprimitive is available.
Package pdftexcmds Info: \pdfdraftmode found.
Package: pdfescape 2016/05/16 v1.14 Implements pdfTeX's escape features (HO)
Package: bigintcalc 2016/05/16 v1.4 Expandable calculations on big integers (HO
)
Package: bitset 2016/05/16 v1.2 Handle bit-vector datatype (HO)
Package: uniquecounter 2016/05/16 v1.3 Provide unlimited unique counter (HO)
)
Package hobsub Info: Skipping package `hobsub' (already loaded).
Package: letltxmacro 2016/05/16 v1.5 Let assignment for LaTeX macros (HO)
Package: hopatch 2016/05/16 v1.3 Wrapper for package hooks (HO)
Package: xcolor-patch 2016/05/16 xcolor patch
Package: atveryend 2016/05/16 v1.9 Hooks at the very end of document (HO)
Package: atbegshi 2016/06/09 v1.18 At begin shipout hook (HO)
Package: refcount 2016/05/16 v3.5 Data extraction from label references (HO)
Package: hycolor 2016/05/16 v1.8 Color options for hyperref/bookmark (HO)
)
("C:\Users\LeonardoCariaggi\AppData\Local\Programs\MiKTeX 2.9\tex\latex\oberdie
k\auxhook.sty"
Package: auxhook 2016/05/16 v1.4 Hooks for auxiliary files (HO)
)
("C:\Users\LeonardoCariaggi\AppData\Local\Programs\MiKTeX 2.9\tex\latex\oberdie
k\kvoptions.sty"
Package: kvoptions 2016/05/16 v3.12 Key value format for package options (HO)
)
\@linkdim=\dimen257
\Hy@linkcounter=\count152
\Hy@pagecounter=\count153

("C:\Users\LeonardoCariaggi\AppData\Local\Programs\MiKTeX 2.9\tex\latex\hyperre
f\pd1enc.def"
File: pd1enc.def 2017/03/14 v6.85a Hyperref: PDFDocEncoding definition (HO)
Now handling font encoding PD1 ...
... no UTF-8 mapping file for font encoding PD1
)
\Hy@SavedSpaceFactor=\count154

("C:\Users\LeonardoCariaggi\AppData\Local\Programs\MiKTeX 2.9\tex\latex\00mikte
x\hyperref.cfg"
File: hyperref.cfg 2002/06/06 v1.2 hyperref configuration of TeXLive
)
Package hyperref Info: Option `colorlinks' set `true' on input line 4374.
Package hyperref Info: Hyper figures OFF on input line 4498.
Package hyperref Info: Link nesting OFF on input line 4503.
Package hyperref Info: Hyper index ON on input line 4506.
Package hyperref Info: Plain pages OFF on input line 4513.
Package hyperref Info: Backreferencing OFF on input line 4518.
Package hyperref Info: Implicit mode ON; LaTeX internals redefined.
Package hyperref Info: Bookmarks ON on input line 4751.
\c@Hy@tempcnt=\count155
LaTeX Info: Redefining \url on input line 5104.
\XeTeXLinkMargin=\dimen258
\Fld@menulength=\count156
\Field@Width=\dimen259
\Fld@charsize=\dimen260
Package hyperref Info: Hyper figures OFF on input line 6358.
Package hyperref Info: Link nesting OFF on input line 6363.
Package hyperref Info: Hyper index ON on input line 6366.
Package hyperref Info: backreferencing OFF on input line 6373.
Package hyperref Info: Link coloring ON on input line 6376.
Package hyperref Info: Link coloring with OCG OFF on input line 6383.
Package hyperref Info: PDF/A mode OFF on input line 6388.
LaTeX Info: Redefining \ref on input line 6428.
LaTeX Info: Redefining \pageref on input line 6432.
\Hy@abspage=\count157
\c@Item=\count158
\c@Hfootnote=\count159
)

Package hyperref Message: Driver (autodetected): hpdftex.


("C:\Users\LeonardoCariaggi\AppData\Local\Programs\MiKTeX 2.9\tex\latex\hyperre
f\hpdftex.def"
File: hpdftex.def 2017/03/14 v6.85a Hyperref driver for pdfTeX
\Fld@listcount=\count160
\c@bookmark@seq@number=\count161

("C:\Users\LeonardoCariaggi\AppData\Local\Programs\MiKTeX 2.9\tex\latex\oberdie
k\rerunfilecheck.sty"
Package: rerunfilecheck 2016/05/16 v1.8 Rerun checks for auxiliary files (HO)
Package uniquecounter Info: New unique counter `rerunfilecheck' on input line 2
82.
)
\Hy@SectionHShift=\skip57
) (Relazione_Unita.aux)
\openout1 = `Relazione_Unita.aux'.

LaTeX Font Info:    Checking defaults for OML/cmm/m/it on input line 51.
LaTeX Font Info:    ... okay on input line 51.
LaTeX Font Info:    Checking defaults for T1/cmr/m/n on input line 51.
LaTeX Font Info:    ... okay on input line 51.
LaTeX Font Info:    Checking defaults for OT1/cmr/m/n on input line 51.
LaTeX Font Info:    ... okay on input line 51.
LaTeX Font Info:    Checking defaults for OMS/cmsy/m/n on input line 51.
LaTeX Font Info:    ... okay on input line 51.
LaTeX Font Info:    Checking defaults for OMX/cmex/m/n on input line 51.
LaTeX Font Info:    ... okay on input line 51.
LaTeX Font Info:    Checking defaults for U/cmr/m/n on input line 51.
LaTeX Font Info:    ... okay on input line 51.
LaTeX Font Info:    Checking defaults for PD1/pdf/m/n on input line 51.
LaTeX Font Info:    ... okay on input line 51.
LaTeX Info: Redefining \it@ocap on input line 51.
LaTeX Info: Redefining \it@ccap on input line 51.

("C:\Users\LeonardoCariaggi\AppData\Local\Programs\MiKTeX 2.9\tex\context\base\
supp-pdf.mkii"
[Loading MPS to PDF converter (version 2006.09.02).]
\scratchcounter=\count162
\scratchdimen=\dimen261
\scratchbox=\box71
\nofMPsegments=\count163
\nofMParguments=\count164
\everyMPshowfont=\toks47
\MPscratchCnt=\count165
\MPscratchDim=\dimen262
\MPnumerator=\count166
\makeMPintoPDFobject=\count167
\everyMPtoPDFconversion=\toks48
)
("C:\Users\LeonardoCariaggi\AppData\Local\Programs\MiKTeX 2.9\tex\latex\oberdie
k\epstopdf-base.sty"
Package: epstopdf-base 2016/05/15 v2.6 Base part for package epstopdf

("C:\Users\LeonardoCariaggi\AppData\Local\Programs\MiKTeX 2.9\tex\latex\oberdie
k\grfext.sty"
Package: grfext 2016/05/16 v1.2 Manage graphics extensions (HO)
)
Package epstopdf-base Info: Redefining graphics rule for `.eps' on input line 4
38.
Package grfext Info: Graphics extension search list:
(grfext)             [.png,.pdf,.jpg,.mps,.jpeg,.jbig2,.jb2,.PNG,.PDF,.JPG,.JPE
G,.JBIG2,.JB2,.eps]
(grfext)             \AppendGraphicsExtensions on input line 456.
)
Package caption Info: Begin \AtBeginDocument code.
Package caption Info: hyperref package is loaded.
Package caption Info: End \AtBeginDocument code.

*geometry* driver: auto-detecting
*geometry* detected driver: pdftex
*geometry* verbose mode - [ preamble ] result:
* driver: pdftex
* paper: a4paper
* layout: <same size as paper>
* layoutoffset:(h,v)=(0.0pt,0.0pt)
* modes: 
* h-part:(L,W,R)=(42.67912pt, 512.14963pt, 42.67912pt)
* v-part:(T,H,B)=(42.67912pt, 759.6886pt, 42.67912pt)
* \paperwidth=597.50787pt
* \paperheight=845.04684pt
* \textwidth=512.14963pt
* \textheight=759.6886pt
* \oddsidemargin=-29.59087pt
* \evensidemargin=-29.59087pt
* \topmargin=-66.59087pt
* \headheight=12.0pt
* \headsep=25.0pt
* \topskip=10.0pt
* \footskip=30.0pt
* \marginparwidth=49.79231pt
* \marginparsep=11.0pt
* \columnsep=10.0pt
* \skip\footins=9.0pt plus 4.0pt minus 2.0pt
* \hoffset=0.0pt
* \voffset=0.0pt
* \mag=1000
* \@twocolumnfalse
* \@twosidefalse
* \@mparswitchfalse
* \@reversemarginfalse
* (1in=72.27pt=25.4mm, 1cm=28.453pt)

ABD: EveryShipout initializing macros
\AtBeginShipoutBox=\box72
Package hyperref Info: Link coloring ON on input line 51.

("C:\Users\LeonardoCariaggi\AppData\Local\Programs\MiKTeX 2.9\tex\latex\hyperre
f\nameref.sty"
Package: nameref 2016/05/21 v2.44 Cross-referencing by name of section

("C:\Users\LeonardoCariaggi\AppData\Local\Programs\MiKTeX 2.9\tex\generic\oberd
iek\gettitlestring.sty"
Package: gettitlestring 2016/05/16 v1.5 Cleanup title references (HO)
)
\c@section@level=\count168
)
LaTeX Info: Redefining \ref on input line 51.
LaTeX Info: Redefining \pageref on input line 51.
LaTeX Info: Redefining \nameref on input line 51.
 (Relazione_Unita.out) (Relazione_Unita.out)
\@outlinefile=\write4
\openout4 = `Relazione_Unita.out'.

LaTeX Font Info:    Try loading font information for U+msa on input line 53.

("C:\Users\LeonardoCariaggi\AppData\Local\Programs\MiKTeX 2.9\tex\latex\amsfont
s\umsa.fd"
File: umsa.fd 2013/01/14 v3.01 AMS symbols A
)
LaTeX Font Info:    Try loading font information for U+msb on input line 53.

("C:\Users\LeonardoCariaggi\AppData\Local\Programs\MiKTeX 2.9\tex\latex\amsfont
s\umsb.fd"
File: umsb.fd 2013/01/14 v3.01 AMS symbols B
) (Relazione_Unita.toc)
\tf@toc=\write5
\openout5 = `Relazione_Unita.toc'.

 [1

{C:/Users/LeonardoCariaggi/AppData/Local/MiKTeX/2.9/pdftex/config/pdftex.map}]
Underfull \hbox (badness 3942) in paragraph at lines 92--92
[]|\T1/cmr/m/n/10 Numero di an-ni tra-scor-si
 []


Underfull \hbox (badness 2452) in paragraph at lines 92--92
[]|\T1/cmr/m/n/10 Dipartimento per il qua-le
 []


Overfull \hbox (4.44911pt too wide) in paragraph at lines 120--120
[]|\T1/cmr/m/n/10 satisfaction
 []


Underfull \hbox (badness 10000) in paragraph at lines 120--120
[]|\T1/cmr/m/n/10 last
 []


Underfull \hbox (badness 10000) in paragraph at lines 120--120
[]|\T1/cmr/m/n/10 number
 []


Underfull \hbox (badness 10000) in paragraph at lines 120--120
[]|\T1/cmr/m/n/10 average
 []


Underfull \hbox (badness 10000) in paragraph at lines 120--120
\T1/cmr/m/n/10 mon-tly
 []


Underfull \hbox (badness 10000) in paragraph at lines 120--120
[]|\T1/cmr/m/n/10 time
 []


Underfull \hbox (badness 10000) in paragraph at lines 120--120
\T1/cmr/m/n/10 spend
 []


Underfull \hbox (badness 2818) in paragraph at lines 120--120
[]|\T1/cmr/m/n/10 Work ac-
 []


Underfull \hbox (badness 10000) in paragraph at lines 120--120
\T1/cmr/m/n/10 la-st
 []


LaTeX Warning: `h' float specifier changed to `ht'.

<distribution_categoricals_large.png, id=120, 917.4275pt x 459.7175pt>
File: distribution_categoricals_large.png Graphic file (type png)

<use distribution_categoricals_large.png>
Package pdftex.def Info: distribution_categoricals_large.png used on input line
 129.
(pdftex.def)             Requested size: 435.3303pt x 218.1436pt.


Package caption Warning: The option `hypcap=true' will be ignored for this
(caption)                particular \caption on input line 130.
See the caption package documentation for explanation.

[2]
LaTeX Font Info:    Try loading font information for T1+cmtt on input line 134.


("C:\Users\LeonardoCariaggi\AppData\Local\Programs\MiKTeX 2.9\tex\latex\base\t1
cmtt.fd"
File: t1cmtt.fd 2014/09/29 v2.5h Standard LaTeX font definitions
) <distribution_numericals_large.png, id=141, 931.48pt x 406.51875pt>
File: distribution_numericals_large.png Graphic file (type png)

<use distribution_numericals_large.png>
Package pdftex.def Info: distribution_numericals_large.png used on input line 1
38.
(pdftex.def)             Requested size: 460.93153pt x 201.16226pt.


Package caption Warning: The option `hypcap=true' will be ignored for this
(caption)                particular \caption on input line 139.
See the caption package documentation for explanation.

LaTeX Font Info:    Try loading font information for OMS+cmr on input line 150.


("C:\Users\LeonardoCariaggi\AppData\Local\Programs\MiKTeX 2.9\tex\latex\base\om
scmr.fd"
File: omscmr.fd 2014/09/29 v2.5h Standard LaTeX font definitions
)
LaTeX Font Info:    Font shape `OMS/cmr/m/n' in size <10> not available
(Font)              Font shape `OMS/cmsy/m/n' tried instead on input line 150.
 [3 <./distribution_categoricals_large.png> <./distribution_numericals_large.pn
g>] <distributions_by_left.png, id=153, 1369.115pt x 577.15625pt>
File: distributions_by_left.png Graphic file (type png)

<use distributions_by_left.png>
Package pdftex.def Info: distributions_by_left.png used on input line 162.
(pdftex.def)             Requested size: 460.93153pt x 194.30186pt.


Package caption Warning: The option `hypcap=true' will be ignored for this
(caption)                particular \caption on input line 163.
See the caption package documentation for explanation.

<time_spent_by_sales.png, id=156, 506.89375pt x 322.20375pt>
File: time_spent_by_sales.png Graphic file (type png)

<use time_spent_by_sales.png>
Package pdftex.def Info: time_spent_by_sales.png used on input line 178.
(pdftex.def)             Requested size: 256.07481pt x 162.77306pt.


Package caption Warning: The option `hypcap=true' will be ignored for this
(caption)                particular \caption on input line 179.
See the caption package documentation for explanation.

<left_by_salary.png, id=157, 390.45876pt x 299.1175pt>
File: left_by_salary.png Graphic file (type png)

<use left_by_salary.png>
Package pdftex.def Info: left_by_salary.png used on input line 186.
(pdftex.def)             Requested size: 230.46576pt x 176.55081pt.


Package caption Warning: The option `hypcap=true' will be ignored for this
(caption)                particular \caption on input line 187.
See the caption package documentation for explanation.

[4 <./distributions_by_left.png> <./time_spent_by_sales.png> <./left_by_salary.
png>] <box_plots.png, id=169, 1174.3875pt x 588.1975pt>
File: box_plots.png Graphic file (type png)
 <use box_plots.png>
Package pdftex.def Info: box_plots.png used on input line 202.
(pdftex.def)             Requested size: 409.72125pt x 205.20804pt.


Package caption Warning: The option `hypcap=true' will be ignored for this
(caption)                particular \caption on input line 203.
See the caption package documentation for explanation.

<corr_heatmap.png, id=177, 470.75874pt x 332.24126pt>
File: corr_heatmap.png Graphic file (type png)
 <use corr_heatmap.png>
Package pdftex.def Info: corr_heatmap.png used on input line 223.
(pdftex.def)             Requested size: 358.50317pt x 253.01799pt.


Package caption Warning: The option `hypcap=true' will be ignored for this
(caption)                particular \caption on input line 224.
See the caption package documentation for explanation.

[5 <./box_plots.png>] [6 <./corr_heatmap.png>]
<numerical_feat_distributions_new.png, id=200, 779.91376pt x 287.0725pt>
File: numerical_feat_distributions_new.png Graphic file (type png)

<use numerical_feat_distributions_new.png>
Package pdftex.def Info: numerical_feat_distributions_new.png used on input lin
e 280.
(pdftex.def)             Requested size: 512.14963pt x 188.51788pt.


LaTeX Warning: `h' float specifier changed to `ht'.


LaTeX Warning: `h' float specifier changed to `ht'.

[7 <./numerical_feat_distributions_new.png>]

LaTeX Warning: `h' float specifier changed to `ht'.


LaTeX Warning: `h' float specifier changed to `ht'.

[8] [9]

LaTeX Warning: `h' float specifier changed to `ht'.

[10] [11] <albero4.png, id=248, 818.05624pt x 420.57124pt>
File: albero4.png Graphic file (type png)
 <use albero4.png>
Package pdftex.def Info: albero4.png used on input line 703.
(pdftex.def)             Requested size: 332.89412pt x 171.14543pt.


Package caption Warning: The option `hypcap=true' will be ignored for this
(caption)                particular \caption on input line 704.
See the caption package documentation for explanation.

pdfTeX warning (ext4): destination with the same identifier (name{figure.1}) ha
s been already used, duplicate ignored
<to be read again> 
                   \relax 
l.704 ...re}{Rappresentazione grafica del modello}
                                                  

Package caption Warning: The option `hypcap=true' will be ignored for this
(caption)                particular \caption on input line 720.
See the caption package documentation for explanation.

[12 <./albero4.png>] <albero3.png, id=259, 1016.79875pt x 537.00626pt>
File: albero3.png Graphic file (type png)

<use albero3.png>
Package pdftex.def Info: albero3.png used on input line 738.
(pdftex.def)             Requested size: 332.89412pt x 175.81143pt.


Package caption Warning: The option `hypcap=true' will be ignored for this
(caption)                particular \caption on input line 739.
See the caption package documentation for explanation.

pdfTeX warning (ext4): destination with the same identifier (name{figure.2}) ha
s been already used, duplicate ignored
<to be read again> 
                   \relax 
l.739 ...re}{Rappresentazione grafica del modello}
                                                  
Overfull \hbox (5.37468pt too wide) in paragraph at lines 754--754
[]|\T1/cmr/m/n/10 entropy| 
 []


Underfull \hbox (badness 10000) in paragraph at lines 754--754
[]|\T1/cmr/m/n/10 not
 []


Overfull \hbox (2.01439pt too wide) in paragraph at lines 754--754
\T1/cmr/m/n/10 left=1,
 []


Package caption Warning: The option `hypcap=true' will be ignored for this
(caption)                particular \caption on input line 755.
See the caption package documentation for explanation.

<albero2_bis.png, id=261, 590.205pt x 537.00626pt>
File: albero2_bis.png Graphic file (type png)
 <use albero2_bis.png>
Package pdftex.def Info: albero2_bis.png used on input line 774.
(pdftex.def)             Requested size: 261.20082pt x 237.66008pt.


Package caption Warning: The option `hypcap=true' will be ignored for this
(caption)                particular \caption on input line 775.
See the caption package documentation for explanation.

pdfTeX warning (ext4): destination with the same identifier (name{figure.3}) ha
s been already used, duplicate ignored
<to be read again> 
                   \relax 
l.775 ...re}{Rappresentazione grafica del modello}
                                                  
Overfull \hbox (5.37468pt too wide) in paragraph at lines 791--791
[]|\T1/cmr/m/n/10 entropy| 
 []


Underfull \hbox (badness 10000) in paragraph at lines 791--791
[]|\T1/cmr/m/n/10 not
 []


Overfull \hbox (2.01439pt too wide) in paragraph at lines 791--791
\T1/cmr/m/n/10 left=1,
 []


Package caption Warning: The option `hypcap=true' will be ignored for this
(caption)                particular \caption on input line 792.
See the caption package documentation for explanation.

[13 <./albero3.png> <./albero2_bis.png>]
<albero1.png, id=274, 1079.03125pt x 537.00626pt>
File: albero1.png Graphic file (type png)
 <use albero1.png>
Package pdftex.def Info: albero1.png used on input line 810.
(pdftex.def)             Requested size: 332.89412pt x 165.67538pt.


Package caption Warning: The option `hypcap=true' will be ignored for this
(caption)                particular \caption on input line 811.
See the caption package documentation for explanation.

pdfTeX warning (ext4): destination with the same identifier (name{figure.4}) ha
s been already used, duplicate ignored
<to be read again> 
                   \relax 
l.811 ...re}{Rappresentazione grafica del modello}
                                                  
Underfull \hbox (badness 10000) in paragraph at lines 826--826
[]|\T1/cmr/m/n/10 not
 []


Overfull \hbox (2.01439pt too wide) in paragraph at lines 826--826
\T1/cmr/m/n/10 left=1,
 []


Package caption Warning: The option `hypcap=true' will be ignored for this
(caption)                particular \caption on input line 827.
See the caption package documentation for explanation.


Underfull \hbox (badness 10000) in paragraph at lines 834--835

 []


Overfull \hbox (2.50392pt too wide) in paragraph at lines 851--851
[]|\T1/cmr/m/n/10 precision| 
 []


Overfull \hbox (2.17067pt too wide) in paragraph at lines 851--851
[]|\T1/cmr/m/n/10 accuracy| 
 []


Overfull \hbox (2.50392pt too wide) in paragraph at lines 851--851
[]|\T1/cmr/m/n/10 precision| 
 []


Overfull \hbox (2.17067pt too wide) in paragraph at lines 851--851
[]|\T1/cmr/m/n/10 accuracy| 
 []

<modello1Conf.png, id=277, 348.30125pt x 295.1025pt>
File: modello1Conf.png Graphic file (type png)
 <use modello1Conf.png>
Package pdftex.def Info: modello1Conf.png used on input line 862.
(pdftex.def)             Requested size: 230.46576pt x 195.26355pt.

<modello2Conf.png, id=278, 348.30125pt x 295.1025pt>
File: modello2Conf.png Graphic file (type png)
 <use modello2Conf.png>
Package pdftex.def Info: modello2Conf.png used on input line 866.
(pdftex.def)             Requested size: 230.46576pt x 195.26355pt.

<modello3Conf.png, id=279, 348.30125pt x 295.1025pt>
File: modello3Conf.png Graphic file (type png)
 <use modello3Conf.png>
Package pdftex.def Info: modello3Conf.png used on input line 870.
(pdftex.def)             Requested size: 230.46576pt x 195.26355pt.

<modello4Conf.png, id=280, 348.30125pt x 295.1025pt>
File: modello4Conf.png Graphic file (type png)
 <use modello4Conf.png>
Package pdftex.def Info: modello4Conf.png used on input line 874.
(pdftex.def)             Requested size: 230.46576pt x 195.26355pt.


LaTeX Warning: `h' float specifier changed to `ht'.

[14 <./albero1.png>]
Underfull \hbox (badness 10000) in paragraph at lines 892--893

 []


Overfull \hbox (5.2389pt too wide) in paragraph at lines 914--914
[]|\T1/cmr/bx/n/10 Parametro| 
 []


Underfull \hbox (badness 10000) in paragraph at lines 914--914
[]|\T1/cmr/bx/n/10 Valore
 []


Overfull \hbox (3.35742pt too wide) in paragraph at lines 914--914
[]|\T1/cmr/m/n/10 max_depth| 
 []


Overfull \hbox (10.41125pt too wide) in paragraph at lines 914--914
[]|\T1/cmr/m/n/10 min_samples
 []


Underfull \hbox (badness 2334) in paragraph at lines 914--914
[]|\T1/cmr/m/n/10 [2, 3, ...,
 []


Overfull \hbox (10.41125pt too wide) in paragraph at lines 914--914
[]|\T1/cmr/m/n/10 min_samples
 []


Underfull \hbox (badness 2334) in paragraph at lines 914--914
[]|\T1/cmr/m/n/10 [2, 3, ...,
 []


Overfull \hbox (8.18958pt too wide) in paragraph at lines 914--914
[]|\T1/cmr/m/n/10 class_weight| 
 []


Overfull \hbox (10.57788pt too wide) in paragraph at lines 914--914
[]|\T1/cmr/m/n/10 [(not_left=1,
 []


Underfull \hbox (badness 10000) in paragraph at lines 914--914
\T1/cmr/m/n/10 left=4),
 []


Underfull \hbox (badness 10000) in paragraph at lines 914--914
\T1/cmr/m/n/10 No-ne,
 []

<feat_imp_best_model.png, id=296, 481.8pt x 263.98625pt>
File: feat_imp_best_model.png Graphic file (type png)

<use feat_imp_best_model.png>
Package pdftex.def Info: feat_imp_best_model.png used on input line 923.
(pdftex.def)             Requested size: 281.68385pt x 154.34473pt.


LaTeX Warning: `h' float specifier changed to `ht'.


LaTeX Warning: `h' float specifier changed to `ht'.

<best_model_representation.png, id=297, 1011.78pt x 537.00626pt>
File: best_model_representation.png Graphic file (type png)

<use best_model_representation.png>
Package pdftex.def Info: best_model_representation.png used on input line 950.
(pdftex.def)             Requested size: 358.50317pt x 190.2821pt.


Package caption Warning: The option `hypcap=true' will be ignored for this
(caption)                particular \caption on input line 951.
See the caption package documentation for explanation.

[15 <./modello1Conf.png> <./modello2Conf.png> <./modello3Conf.png> <./modello4C
onf.png>]pdfTeX warning (ext4): destination with the same identifier (name{figu
re.7}) has been already used, duplicate ignored
<to be read again> 
                   \relax 
l.951 ...entazione grafica del modello \textit{M}}
                                                  
<roc_curves.png, id=308, 425.59pt x 281.05pt>
File: roc_curves.png Graphic file (type png)
 <use roc_curves.png>
Package pdftex.def Info: roc_curves.png used on input line 954.
(pdftex.def)             Requested size: 256.07481pt x 169.11589pt.


Package caption Warning: The option `hypcap=true' will be ignored for this
(caption)                particular \caption on input line 955.
See the caption package documentation for explanation.

[16 <./feat_imp_best_model.png> <./best_model_representation.png> <./roc_curves
.png>]
Package atveryend Info: Empty hook `BeforeClearDocument' on input line 974.
Package atveryend Info: Empty hook `AfterLastShipout' on input line 974.
 (Relazione_Unita.aux)
Package atveryend Info: Executing hook `AtVeryEndDocument' on input line 974.
Package atveryend Info: Executing hook `AtEndAfterFileList' on input line 974.
Package rerunfilecheck Info: File `Relazione_Unita.out' has not changed.
(rerunfilecheck)             Checksum: AFB169FA8C5EA2281B5D5E07E195F296;1576.
 ) 
Here is how much of TeX's memory you used:
 20042 strings out of 493323
 369730 string characters out of 3125241
 472171 words of memory out of 3000000
 23085 multiletter control sequences out of 15000+200000
 21004 words of font info for 56 fonts, out of 3000000 for 9000
 1141 hyphenation exceptions out of 8191
 62i,13n,77p,1570b,562s stack positions out of 5000i,500n,10000p,200000b,50000s
 <C:\Users\LeonardoCariaggi\AppData\Local\MiKTeX\2.9\fonts\pk\ljfour\jknappen
\ec\dpi600\ecrm0800.pk> <C:\Users\LeonardoCariaggi\AppData\Local\MiKTeX\2.9\fon
ts\pk\ljfour\jknappen\ec\dpi600\ecrm0600.pk> <C:\Users\LeonardoCariaggi\AppData
\Local\MiKTeX\2.9\fonts\pk\ljfour\jknappen\ec\dpi600\ecrm0700.pk> <C:\Users\Leo
nardoCariaggi\AppData\Local\MiKTeX\2.9\fonts\pk\ljfour\jknappen\ec\dpi600\ecti0
900.pk> <C:\Users\LeonardoCariaggi\AppData\Local\MiKTeX\2.9\fonts\pk\ljfour\jkn
appen\ec\dpi600\ectt1000.pk> <C:\Users\LeonardoCariaggi\AppData\Local\MiKTeX\2.
9\fonts\pk\ljfour\jknappen\ec\dpi600\ecrm0900.pk> <C:\Users\LeonardoCariaggi\Ap
pData\Local\MiKTeX\2.9\fonts\pk\ljfour\jknappen\ec\dpi600\ecbx0900.pk> <C:\User
s\LeonardoCariaggi\AppData\Local\MiKTeX\2.9\fonts\pk\ljfour\jknappen\ec\dpi600\
ecbx1200.pk> <C:\Users\LeonardoCariaggi\AppData\Local\MiKTeX\2.9\fonts\pk\ljfou
r\jknappen\ec\dpi600\ecti1000.pk> <C:\Users\LeonardoCariaggi\AppData\Local\MiKT
eX\2.9\fonts\pk\ljfour\jknappen\ec\dpi600\ecrm1000.pk> <C:\Users\LeonardoCariag
gi\AppData\Local\MiKTeX\2.9\fonts\pk\ljfour\jknappen\ec\dpi600\ecbx1000.pk> <C:
\Users\LeonardoCariaggi\AppData\Local\MiKTeX\2.9\fonts\pk\ljfour\jknappen\ec\dp
i600\ecbx1440.pk> <C:\Users\LeonardoCariaggi\AppData\Local\MiKTeX\2.9\fonts\pk\
ljfour\jknappen\ec\dpi600\ecrm1200.pk> <C:\Users\LeonardoCariaggi\AppData\Local
\MiKTeX\2.9\fonts\pk\ljfour\jknappen\ec\dpi600\ecrm1728.pk><C:/Users/LeonardoCa
riaggi/AppData/Local/Programs/MiKTeX 2.9/fonts/type1/public/amsfonts/cm/cmmi10.
pfb><C:/Users/LeonardoCariaggi/AppData/Local/Programs/MiKTeX 2.9/fonts/type1/pu
blic/amsfonts/cm/cmmi7.pfb><C:/Users/LeonardoCariaggi/AppData/Local/Programs/Mi
KTeX 2.9/fonts/type1/public/amsfonts/cm/cmr10.pfb><C:/Users/LeonardoCariaggi/Ap
pData/Local/Programs/MiKTeX 2.9/fonts/type1/public/amsfonts/cm/cmr7.pfb><C:/Use
rs/LeonardoCariaggi/AppData/Local/Programs/MiKTeX 2.9/fonts/type1/public/amsfon
ts/cm/cmsy10.pfb><C:/Users/LeonardoCariaggi/AppData/Local/Programs/MiKTeX 2.9/f
onts/type1/public/amsfonts/cm/cmsy7.pfb><C:/Users/LeonardoCariaggi/AppData/Loca
l/Programs/MiKTeX 2.9/fonts/type1/public/amsfonts/symbols/msbm10.pfb>
Output written on Relazione_Unita.pdf (16 pages, 780452 bytes).
PDF statistics:
 839 PDF objects out of 1000 (max. 8388607)
 75 named destinations out of 1000 (max. 500000)
 268 words of extra memory for PDF output out of 10000 (max. 10000000)

