\BOOKMARK [1][-]{section.1}{Data understanding}{}% 1
\BOOKMARK [2][-]{subsection.1.1}{Semantica dei dati}{section.1}% 2
\BOOKMARK [2][-]{subsection.1.2}{Distribuzione degli attributi e statistiche}{section.1}% 3
\BOOKMARK [2][-]{subsection.1.3}{Valutazione della qualit\340 dei dati}{section.1}% 4
\BOOKMARK [2][-]{subsection.1.4}{Trasformazione degli attributi}{section.1}% 5
\BOOKMARK [2][-]{subsection.1.5}{Correlazione tra attributi ed eventuali variabili ridondanti}{section.1}% 6
\BOOKMARK [1][-]{section.2}{Clustering}{}% 7
\BOOKMARK [1][-]{section.3}{Pattern e Association Rules mining}{}% 8
\BOOKMARK [2][-]{subsection.3.1}{Operazioni preliminari}{section.3}% 9
\BOOKMARK [2][-]{subsection.3.2}{Estrazione degli itemset frequenti}{section.3}% 10
\BOOKMARK [3][-]{subsubsection.3.2.1}{Itemset massimali}{subsection.3.2}% 11
\BOOKMARK [3][-]{subsubsection.3.2.2}{Itemset chiusi}{subsection.3.2}% 12
\BOOKMARK [3][-]{subsubsection.3.2.3}{Itemset frequenti}{subsection.3.2}% 13
\BOOKMARK [2][-]{subsection.3.3}{Estrazione delle regole di associazione}{section.3}% 14
\BOOKMARK [3][-]{subsubsection.3.3.1}{Predizione dei valori mancanti}{subsection.3.3}% 15
\BOOKMARK [3][-]{subsubsection.3.3.2}{Predizione dell'attributo 'left'}{subsection.3.3}% 16
\BOOKMARK [1][-]{section.4}{Classificazione}{}% 17
\BOOKMARK [2][-]{subsection.4.1}{Classificazione tramite alberi di decisione}{section.4}% 18
\BOOKMARK [2][-]{subsection.4.2}{Validazione dei modelli}{section.4}% 19
\BOOKMARK [2][-]{subsection.4.3}{Identificazione del miglior modello}{section.4}% 20
